<?xml version="1.0" encoding="UTF-8"?>
<!-- Generated by org.testng.reporters.JUnitReportReporter -->
<testsuite hostname="Ashwin" failures="0" tests="3" name="TestNGAnnotations.Annotations" time="0.038" errors="0" timestamp="2025-01-16T14:56:09 IST" skipped="0">
  <testcase classname="TestNGAnnotations.Annotations" name="FacebookLogoTest1" time="0.014"/>
  <testcase classname="TestNGAnnotations.Annotations" name="demo" time="0.009"/>
  <testcase classname="TestNGAnnotations.Annotations" name="FacebookLogoTest2" time="0.015"/>
</testsuite> <!-- TestNGAnnotations.Annotations -->
