<?xml version="1.0" encoding="UTF-8"?>
<!-- Generated by org.testng.reporters.JUnitReportReporter -->
<testsuite hostname="Ashwin" failures="0" tests="1" name="Testing_Parametrization.Program1" time="9.155" errors="0" timestamp="2025-01-18T12:32:09 IST" skipped="0">
  <testcase classname="Testing_Parametrization.Program1" name="LoginTest" time="9.155"/>
</testsuite> <!-- Testing_Parametrization.Program1 -->
