<?xml version="1.0" encoding="UTF-8"?>
<!-- Generated by org.testng.reporters.JUnitReportReporter -->
<testsuite hostname="Ashwin" failures="0" tests="2" name="TestNgFeatures.Gruping2" time="0.031" errors="0" timestamp="2025-01-18T12:16:02 IST" skipped="0">
  <testcase classname="TestNgFeatures.Gruping2" name="Test2" time="0.015"/>
  <testcase classname="TestNgFeatures.Gruping2" name="Test1" time="0.016"/>
</testsuite> <!-- TestNgFeatures.Gruping2 -->
