<?xml version="1.0" encoding="UTF-8"?>
<!-- Generated by org.testng.reporters.JUnitReportReporter -->
<testsuite hostname="Ashwin" failures="0" tests="3" name="TestNGAnnotations.Annotation1" time="61.333" errors="0" timestamp="2025-01-16T17:09:31 IST" skipped="0">
  <testcase classname="TestNGAnnotations.Annotation1" name="At" time="18.156"/>
  <testcase classname="TestNGAnnotations.Annotation1" name="VeriftyLogpresence" time="23.669"/>
  <testcase classname="TestNGAnnotations.Annotation1" name="Demo" time="19.508"/>
</testsuite> <!-- TestNGAnnotations.Annotation1 -->
