<?xml version="1.0" encoding="UTF-8"?>
<!-- Generated by org.testng.reporters.JUnitReportReporter -->
<testsuite hostname="Ashwin" failures="0" tests="1" name="TestNG.Demo" time="0.048" errors="0" timestamp="2025-01-09T15:04:10 IST" skipped="0">
  <testcase classname="TestNG.Demo" name="Demo" time="0.048"/>
</testsuite> <!-- TestNG.Demo -->
