<?xml version="1.0" encoding="UTF-8"?>
<!-- Generated by org.testng.reporters.JUnitReportReporter -->
<testsuite hostname="Ashwin" failures="0" tests="1" name="TestNgFeatures.Gruping1$Program1" time="0.004" errors="0" timestamp="2025-01-18T11:48:36 IST" skipped="0">
  <testcase classname="TestNgFeatures.Gruping1$Program1" name="Test1" time="0.004"/>
</testsuite> <!-- TestNgFeatures.Gruping1$Program1 -->
