<?xml version="1.0" encoding="UTF-8"?>
<!-- Generated by org.testng.reporters.JUnitReportReporter -->
<testsuite hostname="Ashwin" failures="0" tests="3" name="TestNgFeatures.Enable" time="25.630" errors="0" timestamp="2025-01-16T17:16:29 IST" skipped="0">
  <testcase classname="TestNgFeatures.Enable" name="VerifyeLogin" time="6.668"/>
  <testcase classname="TestNgFeatures.Enable" name="Verifyepassinputfiled" time="9.220"/>
  <testcase classname="TestNgFeatures.Enable" name="Verifyemailiputfiled" time="9.742"/>
</testsuite> <!-- TestNgFeatures.Enable -->
