<?xml version="1.0" encoding="UTF-8"?>
<!-- Generated by org.testng.reporters.JUnitReportReporter -->
<testsuite hostname="Ashwin" failures="0" tests="3" name="Testing_Parametrization.Program2" time="0.015" errors="0" timestamp="2025-01-18T12:36:57 IST" skipped="0">
  <testcase classname="Testing_Parametrization.Program2" name="add" time="0.015"/>
  <testcase classname="Testing_Parametrization.Program2" name="div" time="0.000"/>
  <testcase classname="Testing_Parametrization.Program2" name="sub" time="0.000"/>
</testsuite> <!-- Testing_Parametrization.Program2 -->
